<?xml version="1.0" encoding="UTF-8"?>
<!-- Generated by org.testng.reporters.JUnitReportReporter -->
<testsuite skipped="0" hostname="vaibhavagarwal" name="in.redbus.Tests.BusTicketsPageTest" tests="3" failures="0" timestamp="05 Jul 2021 09:18:20 GMT" time="86.991" errors="0">
  <testcase name="whenUserClicksOnCancellationLink" time="19.942" classname="in.redbus.Tests.BusTicketsPageTest"/>
  <testcase name="whenUserClicksOnPrintTicket" time="41.356" classname="in.redbus.Tests.BusTicketsPageTest"/>
  <testcase name="whenUserEnterValidInfoInSearchBus" time="25.693" classname="in.redbus.Tests.BusTicketsPageTest"/>
</testsuite> <!-- in.redbus.Tests.BusTicketsPageTest -->
