<?xml version="1.0" encoding="UTF-8"?>
<!-- Generated by org.testng.reporters.JUnitReportReporter -->
<testsuite skipped="0" hostname="vaibhavagarwal" name="in.redbus.Tests.SearchPageTest" tests="1" failures="0" timestamp="05 Jul 2021 09:22:55 GMT" time="13.828" errors="0">
  <testcase name="whenUserEntersValidFromAndValidToAndValidDate" time="13.828" classname="in.redbus.Tests.SearchPageTest"/>
</testsuite> <!-- in.redbus.Tests.SearchPageTest -->
