<?xml version="1.0" encoding="UTF-8"?>
<!-- Generated by org.testng.reporters.JUnitReportReporter -->
<testsuite skipped="0" hostname="vaibhavagarwal" name="in.redbus.Tests.SearchPageTest" tests="3" failures="0" timestamp="05 Jul 2021 13:52:33 GMT" time="210.960" errors="0">
  <testcase name="whenUserEntersInvalidFromAndValidToAndValidDate" time="84.925" classname="in.redbus.Tests.SearchPageTest"/>
  <testcase name="whenUserEntersValidFromAndInvalidToAndValidDate" time="73.708" classname="in.redbus.Tests.SearchPageTest"/>
  <testcase name="whenUserEntersValidFromAndValidToAndValidDate" time="52.327" classname="in.redbus.Tests.SearchPageTest"/>
</testsuite> <!-- in.redbus.Tests.SearchPageTest -->
