<?xml version="1.0" encoding="UTF-8"?>
<!-- Generated by org.testng.reporters.JUnitReportReporter -->
<testsuite skipped="2" hostname="vaibhavagarwal" name="in.redbus.Tests.BusHirePageTest" tests="8" failures="0" timestamp="05 Jul 2021 13:52:33 GMT" time="351.382" errors="0">
  <testcase name="whenUserClickedOnAirportMenu" time="22.479" classname="in.redbus.Tests.BusHirePageTest"/>
  <testcase name="whenUserDoesNotEnterFromLocationForOutstation" time="38.532" classname="in.redbus.Tests.BusHirePageTest"/>
  <testcase name="whenUserEntersPassengerNumberGreaterThan60ForOutstation" time="32.135" classname="in.redbus.Tests.BusHirePageTest"/>
  <testcase name="whenUserEntersValidInformationForOutstation" time="85.967" classname="in.redbus.Tests.BusHirePageTest"/>
  <testcase name="whenUserDoesNotEnterFromDateAndTimeForOutstation" time="7.385" classname="in.redbus.Tests.BusHirePageTest">
    <skipped/>
  </testcase> <!-- whenUserDoesNotEnterFromDateAndTimeForOutstation -->
  <testcase name="whenUserDoesNotEnterToLocationForOutstation" time="57.367" classname="in.redbus.Tests.BusHirePageTest"/>
  <testcase name="whenUserDoesNotEnterTillDateAndTimeForOutstation" time="59.686" classname="in.redbus.Tests.BusHirePageTest">
    <skipped/>
  </testcase> <!-- whenUserDoesNotEnterTillDateAndTimeForOutstation -->
  <testcase name="whenUserClickedOnLocalMenu" time="47.831" classname="in.redbus.Tests.BusHirePageTest"/>
</testsuite> <!-- in.redbus.Tests.BusHirePageTest -->
