<?xml version="1.0" encoding="UTF-8"?>
<!-- Generated by org.testng.reporters.JUnitReportReporter -->
<testsuite skipped="0" hostname="vaibhavagarwal" name="DockerDemo.FFDemo" tests="1" failures="0" timestamp="04 Jul 2021 12:46:26 GMT" time="14.750" errors="0">
  <testcase name="testApp" time="14.750" classname="DockerDemo.FFDemo"/>
</testsuite> <!-- DockerDemo.FFDemo -->
