<?xml version="1.0" encoding="UTF-8"?>
<!-- Generated by org.testng.reporters.JUnitReportReporter -->
<testsuite skipped="0" hostname="vaibhavagarwal" name="in.redbus.Tests.HomePageTest" tests="4" failures="0" timestamp="05 Jul 2021 09:18:20 GMT" time="70.464" errors="0">
  <testcase name="whenUserClickOnBusHireLink" time="14.677" classname="in.redbus.Tests.HomePageTest"/>
  <testcase name="whenUserClickOnRedBusLogo" time="17.581" classname="in.redbus.Tests.HomePageTest"/>
  <testcase name="whenUserClickOnBusTicketLink" time="17.393" classname="in.redbus.Tests.HomePageTest"/>
  <testcase name="whenUserClickOnRPoolLink" time="20.813" classname="in.redbus.Tests.HomePageTest"/>
</testsuite> <!-- in.redbus.Tests.HomePageTest -->
