<?xml version="1.0" encoding="UTF-8"?>
<!-- Generated by org.testng.reporters.JUnitReportReporter -->
<testsuite skipped="0" hostname="vaibhavagarwal" name="in.redbus.Tests.HomePageTest" tests="4" failures="0" timestamp="05 Jul 2021 13:52:33 GMT" time="249.535" errors="0">
  <testcase name="whenUserClickOnRedBusLogo" time="55.265" classname="in.redbus.Tests.HomePageTest"/>
  <testcase name="whenUserClickOnBusHireLink" time="57.815" classname="in.redbus.Tests.HomePageTest"/>
  <testcase name="whenUserClickOnBusTicketLink" time="74.111" classname="in.redbus.Tests.HomePageTest"/>
  <testcase name="whenUserClickOnRPoolLink" time="62.344" classname="in.redbus.Tests.HomePageTest"/>
</testsuite> <!-- in.redbus.Tests.HomePageTest -->
